VirtualBox XPCOM Server 5.2.18_Ubuntu r123745 linux.amd64 (Mar  8 2019 18:20:35) release log
00:00:00.014064 main     Log opened 2019-06-18T15:26:35.259275000Z
00:00:00.014068 main     Build Type: release
00:00:00.014077 main     OS Product: Linux
00:00:00.014081 main     OS Release: 4.18.0-22-generic
00:00:00.014085 main     OS Version: #23~18.04.1-Ubuntu SMP Thu Jun 6 08:37:25 UTC 2019
00:00:00.014146 main     DMI Product Name: X551MA
00:00:00.014173 main     DMI Product Version: 1.0       
00:00:00.014292 main     Host RAM: 3832MB (3.7GB) total, 2748MB (2.6GB) available
00:00:00.014298 main     Executable: /usr/lib/virtualbox/VBoxSVC
00:00:00.014299 main     Process ID: 3432
00:00:00.014301 main     Package type: LINUX_64BITS_GENERIC (OSE)
00:00:00.019627 main     IPC socket path: /tmp/.vbox-rnbt-ipc/ipcd
00:00:00.188928 nspr-2   VirtualBox: object creation starts
00:00:00.207467 nspr-2   Home directory: '/home/rnbt/.config/VirtualBox'
00:00:00.221481 nspr-2   Loading settings file "/home/rnbt/.config/VirtualBox/VirtualBox.xml" with version "1.12-linux"
00:00:00.310165 nspr-2   Failed to retrive disk info: getDiskName(/dev/mapper/xubuntu--vg-root) --> xubuntu--vg-root
00:00:00.339553 nspr-2   NetIfAdpCtlOut: VBoxNetAdpCtl: Error while retrieving link speed for wlp2s0: VBoxNetAdpCtl: ioctl failed: Operation not supported
00:00:00.383954 nspr-2   NAT: resolv.conf: nameserver 127.0.0.53
00:00:00.384035 nspr-2   NAT: resolv.conf: ignoring "options edns0"
00:00:00.384130 nspr-2   HostDnsMonitor: old information
00:00:00.384164 nspr-2     no server entries
00:00:00.384195 nspr-2     no domain set
00:00:00.384224 nspr-2     no search string entries
00:00:00.384255 nspr-2   HostDnsMonitor: new information
00:00:00.384284 nspr-2     server 1: 127.0.0.53
00:00:00.384315 nspr-2     domain: domain.name
00:00:00.384344 nspr-2     search string 1: domain.name
00:00:00.384382 nspr-2   HostDnsMonitorProxy::notify
00:00:00.393850 nspr-2   Failed to open "/dev/vboxdrvu", errno=13, rc=VERR_VM_DRIVER_NOT_ACCESSIBLE
00:00:00.494678 nspr-2   VD: VDInit finished with VINF_SUCCESS
00:00:00.514952 nspr-2   ERROR [COM]: aRC=NS_ERROR_FAILURE (0x80004005) aIID={0eb668d2-495e-5a36-8890-29999b5f030c} aComponent={SystemPropertiesWrap} aText={Cannot determine default Guest Additions ISO location. Most likely they are not available}, preserve=false aResultDetail=0
00:00:00.642881 nspr-2   Loading settings file "/home/rnbt/VirtualBox VMs/arch/arch.vbox" with version "1.16-linux"
00:00:00.654785 nspr-2   VirtualBox: object created
00:00:20.773963 nspr-4   Saving settings file "/home/rnbt/.config/VirtualBox/VirtualBox.xml" with version "1.12-linux"
00:00:22.866551 nspr-5   Saving settings file "/home/rnbt/.config/VirtualBox/VirtualBox.xml" with version "1.12-linux"
00:00:22.954299 nspr-3   Saving settings file "/home/rnbt/.config/VirtualBox/VirtualBox.xml" with version "1.12-linux"
00:00:28.568661 main     VirtualBox: object deletion starts
00:00:28.673638 Watcher  ERROR [COM]: aRC=E_ACCESSDENIED (0x80070005) aIID={9570b9d5-f1a1-448a-10c5-e12f5285adad} aComponent={VirtualBoxWrap} aText={The object is not ready}, preserve=false aResultDetail=0
00:00:33.570785 main     {00007fa560017c20} HostPowerServiceLinux::~HostPowerServiceLinux: RTThreadWait() for 5000 ms failed with VERR_TIMEOUT
00:00:33.572356 main     VirtualBox: object deleted
